build/app/intermediates/manifest_merge_blame_file/release/manifest-merger-blame-release-report.txt
1<?xml version="1.0" encoding="utf-8"?>
2<manifest xmlns:android="http://schemas.android.com/apk/res/android"
3    package="testmobile.com.test_mobile_flutter"
4    android:versionCode="1"
5    android:versionName="1.0.0" >
6
7    <uses-sdk
8        android:minSdkVersion="19"
8-->src/main/AndroidManifest.xml
9        android:targetSdkVersion="30" />
9-->src/main/AndroidManifest.xml
10
11    <queries>
11-->[:flutter_inappwebview] AndroidManifest.xml:7:5-11:15
12        <intent>
12-->[:flutter_inappwebview] AndroidManifest.xml:8:9-10:18
13            <action android:name="android.support.customtabs.action.CustomTabsService" />
13-->[:flutter_inappwebview] AndroidManifest.xml:9:13-90
13-->[:flutter_inappwebview] AndroidManifest.xml:9:21-87
14        </intent>
15    </queries>
16
17    <application
18        android:name="android.app.Application"
18-->src/main/AndroidManifest.xml:5:9-42
19        android:appComponentFactory="androidx.core.app.CoreComponentFactory"
19-->[androidx.core:core:1.8.0] AndroidManifest.xml:24:18-86
20        android:icon="@mipmap/ic_launcher"
20-->src/main/AndroidManifest.xml:6:9-43
21        android:label="test_mobile_flutter" >
21-->src/main/AndroidManifest.xml:4:9-44
22        <activity
22-->src/main/AndroidManifest.xml:7:9-27:20
23            android:name="testmobile.com.test_mobile_flutter.MainActivity"
23-->src/main/AndroidManifest.xml:8:13-41
24            android:configChanges="orientation|keyboardHidden|keyboard|screenSize|smallestScreenSize|locale|layoutDirection|fontScale|screenLayout|density|uiMode"
24-->src/main/AndroidManifest.xml:12:13-163
25            android:exported="true"
25-->src/main/AndroidManifest.xml:9:13-36
26            android:hardwareAccelerated="true"
26-->src/main/AndroidManifest.xml:13:13-47
27            android:launchMode="singleTop"
27-->src/main/AndroidManifest.xml:10:13-43
28            android:theme="@style/LaunchTheme"
28-->src/main/AndroidManifest.xml:11:13-47
29            android:windowSoftInputMode="adjustResize" >
29-->src/main/AndroidManifest.xml:14:13-55
30
31            <!--
32                 Specifies an Android theme to apply to this Activity as soon as
33                 the Android process has started. This theme is visible to the user
34                 while the Flutter UI initializes. After that, this theme continues
35                 to determine the Window background behind the Flutter UI.
36            -->
37            <meta-data
37-->src/main/AndroidManifest.xml:19:13-22:17
38                android:name="io.flutter.embedding.android.NormalTheme"
38-->src/main/AndroidManifest.xml:20:15-70
39                android:resource="@style/NormalTheme" />
39-->src/main/AndroidManifest.xml:21:15-52
40
41            <intent-filter>
41-->src/main/AndroidManifest.xml:23:13-26:29
42                <action android:name="android.intent.action.MAIN" />
42-->src/main/AndroidManifest.xml:24:17-68
42-->src/main/AndroidManifest.xml:24:25-66
43
44                <category android:name="android.intent.category.LAUNCHER" />
44-->src/main/AndroidManifest.xml:25:17-76
44-->src/main/AndroidManifest.xml:25:27-74
45            </intent-filter>
46        </activity>
47        <!--
48             Don't delete the meta-data below.
49             This is used by the Flutter tool to generate GeneratedPluginRegistrant.java
50        -->
51        <meta-data
51-->src/main/AndroidManifest.xml:30:9-32:33
52            android:name="flutterEmbedding"
52-->src/main/AndroidManifest.xml:31:13-44
53            android:value="2" />
53-->src/main/AndroidManifest.xml:32:13-30
54
55        <provider
55-->[:image_picker_android] AndroidManifest.xml:8:9-16:20
56            android:name="io.flutter.plugins.imagepicker.ImagePickerFileProvider"
56-->[:image_picker_android] AndroidManifest.xml:9:13-82
57            android:authorities="testmobile.com.test_mobile_flutter.flutter.image_provider"
57-->[:image_picker_android] AndroidManifest.xml:10:13-74
58            android:exported="false"
58-->[:image_picker_android] AndroidManifest.xml:11:13-37
59            android:grantUriPermissions="true" >
59-->[:image_picker_android] AndroidManifest.xml:12:13-47
60            <meta-data
60-->[:image_picker_android] AndroidManifest.xml:13:13-15:75
61                android:name="android.support.FILE_PROVIDER_PATHS"
61-->[:image_picker_android] AndroidManifest.xml:14:17-67
62                android:resource="@xml/flutter_image_picker_file_paths" />
62-->[:image_picker_android] AndroidManifest.xml:15:17-72
63        </provider>
64
65        <activity
65-->[:flutter_inappwebview] AndroidManifest.xml:14:9-18:47
66            android:name="com.pichillilorenzo.flutter_inappwebview.in_app_browser.InAppBrowserActivity"
66-->[:flutter_inappwebview] AndroidManifest.xml:15:13-104
67            android:configChanges="orientation|keyboardHidden|keyboard|screenSize|locale|layoutDirection|fontScale|screenLayout|density"
67-->[:flutter_inappwebview] AndroidManifest.xml:16:13-137
68            android:exported="true"
68-->[:flutter_inappwebview] AndroidManifest.xml:17:13-36
69            android:theme="@style/AppTheme" />
69-->[:flutter_inappwebview] AndroidManifest.xml:18:13-44
70        <activity
70-->[:flutter_inappwebview] AndroidManifest.xml:19:9-22:55
71            android:name="com.pichillilorenzo.flutter_inappwebview.chrome_custom_tabs.ChromeCustomTabsActivity"
71-->[:flutter_inappwebview] AndroidManifest.xml:20:13-112
72            android:exported="true"
72-->[:flutter_inappwebview] AndroidManifest.xml:21:13-36
73            android:theme="@style/ThemeTransparent" />
73-->[:flutter_inappwebview] AndroidManifest.xml:22:13-52
74        <activity
74-->[:flutter_inappwebview] AndroidManifest.xml:23:9-26:55
75            android:name="com.pichillilorenzo.flutter_inappwebview.chrome_custom_tabs.TrustedWebActivity"
75-->[:flutter_inappwebview] AndroidManifest.xml:24:13-106
76            android:exported="true"
76-->[:flutter_inappwebview] AndroidManifest.xml:25:13-36
77            android:theme="@style/ThemeTransparent" />
77-->[:flutter_inappwebview] AndroidManifest.xml:26:13-52
78        <activity
78-->[:flutter_inappwebview] AndroidManifest.xml:27:9-31:55
79            android:name="com.pichillilorenzo.flutter_inappwebview.chrome_custom_tabs.ChromeCustomTabsActivitySingleInstance"
79-->[:flutter_inappwebview] AndroidManifest.xml:28:13-126
80            android:exported="true"
80-->[:flutter_inappwebview] AndroidManifest.xml:29:13-36
81            android:launchMode="singleInstance"
81-->[:flutter_inappwebview] AndroidManifest.xml:30:13-48
82            android:theme="@style/ThemeTransparent" />
82-->[:flutter_inappwebview] AndroidManifest.xml:31:13-52
83        <activity
83-->[:flutter_inappwebview] AndroidManifest.xml:32:9-36:55
84            android:name="com.pichillilorenzo.flutter_inappwebview.chrome_custom_tabs.TrustedWebActivitySingleInstance"
84-->[:flutter_inappwebview] AndroidManifest.xml:33:13-120
85            android:exported="true"
85-->[:flutter_inappwebview] AndroidManifest.xml:34:13-36
86            android:launchMode="singleInstance"
86-->[:flutter_inappwebview] AndroidManifest.xml:35:13-48
87            android:theme="@style/ThemeTransparent" />
87-->[:flutter_inappwebview] AndroidManifest.xml:36:13-52
88
89        <receiver
89-->[:flutter_inappwebview] AndroidManifest.xml:38:9-41:40
90            android:name="com.pichillilorenzo.flutter_inappwebview.chrome_custom_tabs.ActionBroadcastReceiver"
90-->[:flutter_inappwebview] AndroidManifest.xml:39:13-111
91            android:enabled="true"
91-->[:flutter_inappwebview] AndroidManifest.xml:40:13-35
92            android:exported="false" />
92-->[:flutter_inappwebview] AndroidManifest.xml:41:13-37
93
94        <meta-data
94-->[:flutter_inappwebview] AndroidManifest.xml:43:9-45:36
95            android:name="io.flutter.embedded_views_preview"
95-->[:flutter_inappwebview] AndroidManifest.xml:44:13-61
96            android:value="true" />
96-->[:flutter_inappwebview] AndroidManifest.xml:45:13-33
97
98        <uses-library
98-->[androidx.window:window:1.0.0-beta04] AndroidManifest.xml:25:9-27:40
99            android:name="androidx.window.extensions"
99-->[androidx.window:window:1.0.0-beta04] AndroidManifest.xml:26:13-54
100            android:required="false" />
100-->[androidx.window:window:1.0.0-beta04] AndroidManifest.xml:27:13-37
101        <uses-library
101-->[androidx.window:window:1.0.0-beta04] AndroidManifest.xml:28:9-30:40
102            android:name="androidx.window.sidecar"
102-->[androidx.window:window:1.0.0-beta04] AndroidManifest.xml:29:13-51
103            android:required="false" />
103-->[androidx.window:window:1.0.0-beta04] AndroidManifest.xml:30:13-37
104
105        <provider
105-->[androidx.emoji2:emoji2:1.0.0] AndroidManifest.xml:26:9-34:20
106            android:name="androidx.startup.InitializationProvider"
106-->[androidx.emoji2:emoji2:1.0.0] AndroidManifest.xml:27:13-67
107            android:authorities="testmobile.com.test_mobile_flutter.androidx-startup"
107-->[androidx.emoji2:emoji2:1.0.0] AndroidManifest.xml:28:13-68
108            android:exported="false" >
108-->[androidx.emoji2:emoji2:1.0.0] AndroidManifest.xml:29:13-37
109            <meta-data
109-->[androidx.emoji2:emoji2:1.0.0] AndroidManifest.xml:31:13-33:52
110                android:name="androidx.emoji2.text.EmojiCompatInitializer"
110-->[androidx.emoji2:emoji2:1.0.0] AndroidManifest.xml:32:17-75
111                android:value="androidx.startup" />
111-->[androidx.emoji2:emoji2:1.0.0] AndroidManifest.xml:33:17-49
112            <meta-data
112-->[androidx.lifecycle:lifecycle-process:2.4.0] AndroidManifest.xml:31:13-33:52
113                android:name="androidx.lifecycle.ProcessLifecycleInitializer"
113-->[androidx.lifecycle:lifecycle-process:2.4.0] AndroidManifest.xml:32:17-78
114                android:value="androidx.startup" />
114-->[androidx.lifecycle:lifecycle-process:2.4.0] AndroidManifest.xml:33:17-49
115        </provider>
116    </application>
117
118</manifest>